<?xml version="1.0" encoding="UTF-8"?>
<!-- Generated by org.testng.reporters.JUnitXMLReporter -->
<testsuite hostname="ISU1SWT15-PC" ignored="10" name="Test" tests="6" failures="2" timestamp="04 Sep 2018 11:27:49 GMT" time="120.804" errors="0">
  <testcase name="LoginPass" time="51.04" classname="testCaseDetails.TC001_DmsLogin">
    <failure type="java.lang.NullPointerException">
      <![CDATA[java.lang.NullPointerException
	at dmsMethod.CommonMethod.click(CommonMethod.java:118)
	at testCaseDetails.TC001_DmsLogin.LoginPass(TC001_DmsLogin.java:31)
... Removed 25 stack frames]]>
    </failure>
  </testcase> <!-- LoginPass -->
  <testcase name="LoginFailwithUserneme" time="10.262" classname="testCaseDetails.TC002_LoginFailwithUserneme">
    <failure type="java.lang.AssertionError" message="expected [false] but found [Text not found!]">
      <![CDATA[java.lang.AssertionError: expected [false] but found [Text not found!]
	at dmsMethod.CommonMethod.getText(CommonMethod.java:131)
	at testCaseDetails.TC002_LoginFailwithUserneme.LoginFailwithUserneme(TC002_LoginFailwithUserneme.java:23)
... Removed 30 stack frames]]>
    </failure>
  </testcase> <!-- LoginFailwithUserneme -->
  <testcase name="loginFailWithPassword" time="18.281" classname="testCaseDetails.TC003_LoginFailWithPassword"/>
  <testcase name="loginUsernameAndPasswordBlank" time="15.124" classname="testCaseDetails.TC004_LoginUsernameAndPasswordBlank"/>
  <testcase name="loginWithBlankUsername" time="12.951" classname="testCaseDetails.TC005_LoginwithBlankUsername"/>
  <testcase name="loginWithBlankPassword" time="13.1" classname="testCaseDetails.TC006_LoginwithBlankPassword"/>
  <testcase name="@BeforeSuite startResult" time="0.0" classname="DmsTestingReport.ReportDms">
    <ignored/>
  </testcase> <!-- @BeforeSuite startResult -->
  <testcase name="@BeforeSuite startResult" time="0.0" classname="DmsTestingReport.ReportDms">
    <ignored/>
  </testcase> <!-- @BeforeSuite startResult -->
  <testcase name="@BeforeSuite startResult" time="0.0" classname="DmsTestingReport.ReportDms">
    <ignored/>
  </testcase> <!-- @BeforeSuite startResult -->
  <testcase name="@BeforeSuite startResult" time="0.0" classname="DmsTestingReport.ReportDms">
    <ignored/>
  </testcase> <!-- @BeforeSuite startResult -->
  <testcase name="@BeforeSuite startResult" time="0.0" classname="DmsTestingReport.ReportDms">
    <ignored/>
  </testcase> <!-- @BeforeSuite startResult -->
  <testcase name="@AfterSuite stopResult" time="0.0" classname="DmsTestingReport.ReportDms">
    <ignored/>
  </testcase> <!-- @AfterSuite stopResult -->
  <testcase name="@AfterSuite stopResult" time="0.0" classname="DmsTestingReport.ReportDms">
    <ignored/>
  </testcase> <!-- @AfterSuite stopResult -->
  <testcase name="@AfterSuite stopResult" time="0.0" classname="DmsTestingReport.ReportDms">
    <ignored/>
  </testcase> <!-- @AfterSuite stopResult -->
  <testcase name="@AfterSuite stopResult" time="0.0" classname="DmsTestingReport.ReportDms">
    <ignored/>
  </testcase> <!-- @AfterSuite stopResult -->
  <testcase name="@AfterSuite stopResult" time="0.0" classname="DmsTestingReport.ReportDms">
    <ignored/>
  </testcase> <!-- @AfterSuite stopResult -->
</testsuite> <!-- Test -->
