<?xml version="1.0" encoding="UTF-8"?>
<!-- Generated by org.testng.reporters.JUnitXMLReporter -->
<testsuite hostname="ISU1SWT15-PC" ignored="2" name="LoginResult" tests="2" failures="1" timestamp="30 Aug 2018 05:31:28 GMT" time="25.779" errors="0">
  <testcase name="LoginPass" time="15.643" classname="testCaseDetails.TC001_DmsLogin"/>
  <testcase name="LoginFailwithUserneme" time="10.095" classname="testCaseDetails.TC002_LoginFailwithUserneme">
    <failure type="java.lang.AssertionError" message="expected [false] but found [Text not found!]">
      <![CDATA[java.lang.AssertionError: expected [false] but found [Text not found!]
	at dmsMethod.CommonMethod.getText(CommonMethod.java:131)
	at testCaseDetails.TC002_LoginFailwithUserneme.LoginFailwithUserneme(TC002_LoginFailwithUserneme.java:23)
... Removed 30 stack frames]]>
    </failure>
  </testcase> <!-- LoginFailwithUserneme -->
  <testcase name="@BeforeSuite startResult" time="0.0" classname="DmsTestingReport.ReportDms">
    <ignored/>
  </testcase> <!-- @BeforeSuite startResult -->
  <testcase name="@AfterSuite stopResult" time="0.0" classname="DmsTestingReport.ReportDms">
    <ignored/>
  </testcase> <!-- @AfterSuite stopResult -->
</testsuite> <!-- LoginResult -->
